Flow report for Rock_paper_scissors
Tue Jun 02 11:43:15 2020
Quartus Prime Version 16.1.0 Build 196 10/24/2016 SJ Lite Edition


---------------------
; Table of Contents ;
---------------------
  1. Legal Notice
  2. Flow Summary
  3. Flow Settings
  4. Flow Non-Default Global Settings
  5. Flow Elapsed Time
  6. Flow OS Summary
  7. Flow Log
  8. Flow Messages
  9. Flow Suppressed Messages



----------------
; Legal Notice ;
----------------
Copyright (C) 2016  Intel Corporation. All rights reserved.
Your use of Intel Corporation's design tools, logic functions 
and other software and tools, and its AMPP partner logic 
functions, and any output files from any of the foregoing 
(including device programming or simulation files), and any 
associated documentation or information are expressly subject 
to the terms and conditions of the Intel Program License 
Subscription Agreement, the Intel Quartus Prime License Agreement,
the Intel MegaCore Function License Agreement, or other 
applicable license agreement, including, without limitation, 
that your use is for the sole purpose of programming logic 
devices manufactured by Intel and sold by Intel or its 
authorized distributors.  Please refer to the applicable 
agreement for further details.



+----------------------------------------------------------------------------------+
; Flow Summary                                                                     ;
+------------------------------------+---------------------------------------------+
; Flow Status                        ; Successful - Tue Jun 02 11:43:15 2020       ;
; Quartus Prime Version              ; 16.1.0 Build 196 10/24/2016 SJ Lite Edition ;
; Revision Name                      ; Rock_paper_scissors                         ;
; Top-level Entity Name              ; topinter                                    ;
; Family                             ; Cyclone IV GX                               ;
; Device                             ; EP4CGX150DF31C7                             ;
; Timing Models                      ; Final                                       ;
; Total logic elements               ; 4 / 149,760 ( < 1 % )                       ;
;     Total combinational functions  ; 4 / 149,760 ( < 1 % )                       ;
;     Dedicated logic registers      ; 0 / 149,760 ( 0 % )                         ;
; Total registers                    ; 0                                           ;
; Total pins                         ; 8 / 508 ( 2 % )                             ;
; Total virtual pins                 ; 0                                           ;
; Total memory bits                  ; 0 / 6,635,520 ( 0 % )                       ;
; Embedded Multiplier 9-bit elements ; 0 / 720 ( 0 % )                             ;
; Total GXB Receiver Channel PCS     ; 0 / 8 ( 0 % )                               ;
; Total GXB Receiver Channel PMA     ; 0 / 8 ( 0 % )                               ;
; Total GXB Transmitter Channel PCS  ; 0 / 8 ( 0 % )                               ;
; Total GXB Transmitter Channel PMA  ; 0 / 8 ( 0 % )                               ;
; Total PLLs                         ; 0 / 8 ( 0 % )                               ;
+------------------------------------+---------------------------------------------+


+-----------------------------------------+
; Flow Settings                           ;
+-------------------+---------------------+
; Option            ; Setting             ;
+-------------------+---------------------+
; Start date & time ; 06/02/2020 11:42:24 ;
; Main task         ; Compilation         ;
; Revision Name     ; Rock_paper_scissors ;
+-------------------+---------------------+


+------------------------------------------------------------------------------------------------------------------------------------+
; Flow Non-Default Global Settings                                                                                                   ;
+--------------------------------------+----------------------------------------+---------------------+-------------+----------------+
; Assignment Name                      ; Value                                  ; Default Value       ; Entity Name ; Section Id     ;
+--------------------------------------+----------------------------------------+---------------------+-------------+----------------+
; COMPILER_SIGNATURE_ID                ; 153951929412523.159107294422624        ; --                  ; --          ; --             ;
; EDA_DESIGN_INSTANCE_NAME             ; NA                                     ; --                  ; --          ; RPS_testbench  ;
; EDA_NATIVELINK_SIMULATION_TEST_BENCH ; RPS_testbench                          ; --                  ; --          ; eda_simulation ;
; EDA_OUTPUT_DATA_FORMAT               ; Verilog Hdl                            ; --                  ; --          ; eda_simulation ;
; EDA_SIMULATION_TOOL                  ; ModelSim-Altera (Verilog)              ; <None>              ; --          ; --             ;
; EDA_TEST_BENCH_ENABLE_STATUS         ; TEST_BENCH_MODE                        ; --                  ; --          ; eda_simulation ;
; EDA_TEST_BENCH_FILE                  ; RPS_testbench.v                        ; --                  ; --          ; RPS_testbench  ;
; EDA_TEST_BENCH_MODULE_NAME           ; RPS_testbench                          ; --                  ; --          ; RPS_testbench  ;
; EDA_TEST_BENCH_NAME                  ; RPS_testbench                          ; --                  ; --          ; eda_simulation ;
; EDA_TIME_SCALE                       ; 1 ps                                   ; --                  ; --          ; eda_simulation ;
; MAX_CORE_JUNCTION_TEMP               ; 85                                     ; --                  ; --          ; --             ;
; MIN_CORE_JUNCTION_TEMP               ; 0                                      ; --                  ; --          ; --             ;
; NOMINAL_CORE_SUPPLY_VOLTAGE          ; 1.2V                                   ; --                  ; --          ; --             ;
; PARTITION_COLOR                      ; -- (Not supported for targeted family) ; --                  ; topinter    ; Top            ;
; PARTITION_FITTER_PRESERVATION_LEVEL  ; -- (Not supported for targeted family) ; --                  ; topinter    ; Top            ;
; PARTITION_NETLIST_TYPE               ; -- (Not supported for targeted family) ; --                  ; topinter    ; Top            ;
; POWER_BOARD_THERMAL_MODEL            ; None (CONSERVATIVE)                    ; --                  ; --          ; --             ;
; POWER_PRESET_COOLING_SOLUTION        ; 23 MM HEAT SINK WITH 200 LFPM AIRFLOW  ; --                  ; --          ; --             ;
; PROJECT_OUTPUT_DIRECTORY             ; output_files                           ; --                  ; --          ; --             ;
; TOP_LEVEL_ENTITY                     ; topinter                               ; Rock_paper_scissors ; --          ; --             ;
+--------------------------------------+----------------------------------------+---------------------+-------------+----------------+


+-------------------------------------------------------------------------------------------------------------------------------+
; Flow Elapsed Time                                                                                                             ;
+---------------------------+--------------+-------------------------+---------------------+------------------------------------+
; Module Name               ; Elapsed Time ; Average Processors Used ; Peak Virtual Memory ; Total CPU Time (on all processors) ;
+---------------------------+--------------+-------------------------+---------------------+------------------------------------+
; Analysis & Synthesis      ; 00:00:17     ; 1.0                     ; 4844 MB             ; 00:00:39                           ;
; Fitter                    ; 00:00:16     ; 1.0                     ; 5847 MB             ; 00:00:26                           ;
; Assembler                 ; 00:00:05     ; 1.0                     ; 4772 MB             ; 00:00:05                           ;
; TimeQuest Timing Analyzer ; 00:00:04     ; 1.0                     ; 4886 MB             ; 00:00:03                           ;
; EDA Netlist Writer        ; 00:00:02     ; 1.0                     ; 4739 MB             ; 00:00:01                           ;
; Total                     ; 00:00:44     ; --                      ; --                  ; 00:01:14                           ;
+---------------------------+--------------+-------------------------+---------------------+------------------------------------+


+-----------------------------------------------------------------------------------------+
; Flow OS Summary                                                                         ;
+---------------------------+------------------+------------+------------+----------------+
; Module Name               ; Machine Hostname ; OS Name    ; OS Version ; Processor type ;
+---------------------------+------------------+------------+------------+----------------+
; Analysis & Synthesis      ; DESKTOP-AV6DL9M  ; Windows 10 ; 10.0       ; x86_64         ;
; Fitter                    ; DESKTOP-AV6DL9M  ; Windows 10 ; 10.0       ; x86_64         ;
; Assembler                 ; DESKTOP-AV6DL9M  ; Windows 10 ; 10.0       ; x86_64         ;
; TimeQuest Timing Analyzer ; DESKTOP-AV6DL9M  ; Windows 10 ; 10.0       ; x86_64         ;
; EDA Netlist Writer        ; DESKTOP-AV6DL9M  ; Windows 10 ; 10.0       ; x86_64         ;
+---------------------------+------------------+------------+------------+----------------+


------------
; Flow Log ;
------------
quartus_map --read_settings_files=on --write_settings_files=off Rock_paper_scissors -c Rock_paper_scissors
quartus_fit --read_settings_files=off --write_settings_files=off Rock_paper_scissors -c Rock_paper_scissors
quartus_asm --read_settings_files=off --write_settings_files=off Rock_paper_scissors -c Rock_paper_scissors
quartus_sta Rock_paper_scissors -c Rock_paper_scissors
quartus_eda --read_settings_files=off --write_settings_files=off Rock_paper_scissors -c Rock_paper_scissors



